<?xml version="1.0" encoding="UTF-8"?>
<robot generator="Robot 7.3.2 (Python 3.13.5 on darwin)" generated="2025-09-03T04:32:10.462327" rpa="false" schemaversion="5">
<suite id="s1" name="Keyworddemo" source="/Users/home/PycharmProjects/ecommerce/test_cases/keyworddemo.robot">
<test id="s1-t1" name="Login to Nopcommerce app" line="9">
<kw name="Open Browser" owner="SeleniumLibrary">
<msg time="2025-09-03T04:32:11.144221" level="INFO">Opening browser 'chrome' to base url 'https://demo.nopcommerce.com/'.</msg>
<arg>${URL}</arg>
<arg>${BROWSER}</arg>
<doc>Opens a new browser instance to the optional ``url``.</doc>
<status status="PASS" start="2025-09-03T04:32:11.143777" elapsed="3.256585"/>
</kw>
<kw name="Maximize Browser Window" owner="SeleniumLibrary">
<doc>Maximizes current browser window.</doc>
<status status="PASS" start="2025-09-03T04:32:14.404914" elapsed="0.802432"/>
</kw>
<kw name="LoginApp">
<kw name="Title Should Be" owner="SeleniumLibrary">
<msg time="2025-09-03T04:32:15.529662" level="INFO">Page title is 'nopCommerce demo store. Home page title'.</msg>
<arg>nopCommerce demo store. Home page title</arg>
<doc>Verifies that the current page title equals ``title``.</doc>
<status status="PASS" start="2025-09-03T04:32:15.211644" elapsed="0.318174"/>
</kw>
<kw name="Click Link" owner="SeleniumLibrary">
<msg time="2025-09-03T04:32:15.530715" level="INFO">Clicking link '//a[@class='ico-login']'.</msg>
<arg>//a[@class='ico-login']</arg>
<doc>Clicks a link identified by ``locator``.</doc>
<status status="PASS" start="2025-09-03T04:32:15.530051" elapsed="0.871116"/>
</kw>
<kw name="Input Text" owner="SeleniumLibrary">
<msg time="2025-09-03T04:32:16.402277" level="INFO">Typing text 'john.doe@nextininnovation.com' into text field '//input[@id='Email']'.</msg>
<arg>//input[@id='Email']</arg>
<arg>${USERNAME}</arg>
<doc>Types the given ``text`` into the text field identified by ``locator``.</doc>
<status status="PASS" start="2025-09-03T04:32:16.401707" elapsed="0.252489"/>
</kw>
<kw name="Input Text" owner="SeleniumLibrary">
<msg time="2025-09-03T04:32:16.654996" level="INFO">Typing text 'Winter#33' into text field '//input[@id='Password']'.</msg>
<arg>//input[@id='Password']</arg>
<arg>${PASSWORD}</arg>
<doc>Types the given ``text`` into the text field identified by ``locator``.</doc>
<status status="PASS" start="2025-09-03T04:32:16.654481" elapsed="0.142707"/>
</kw>
<kw name="Click Button" owner="SeleniumLibrary">
<msg time="2025-09-03T04:32:16.797696" level="INFO">Clicking button '//button[@class='button-1 login-button']'.</msg>
<arg>//button[@class='button-1 login-button']</arg>
<doc>Clicks the button identified by ``locator``.</doc>
<status status="PASS" start="2025-09-03T04:32:16.797433" elapsed="2.048179"/>
</kw>
<kw name="Sleep" owner="BuiltIn">
<msg time="2025-09-03T04:32:20.847318" level="INFO">Slept 2 seconds.</msg>
<arg>2s</arg>
<doc>Pauses the test executed for the given time.</doc>
<status status="PASS" start="2025-09-03T04:32:18.846150" elapsed="2.001517"/>
</kw>
<status status="PASS" start="2025-09-03T04:32:15.210678" elapsed="5.637343"/>
</kw>
<kw name="Click Link" owner="SeleniumLibrary">
<msg time="2025-09-03T04:32:20.849243" level="INFO">Clicking link '//a[@class='ico-logout']'.</msg>
<arg>//a[@class='ico-logout']</arg>
<doc>Clicks a link identified by ``locator``.</doc>
<status status="PASS" start="2025-09-03T04:32:20.848638" elapsed="1.124978"/>
</kw>
<kw name="Close Browser" owner="SeleniumLibrary">
<doc>Closes the current browser.</doc>
<status status="PASS" start="2025-09-03T04:32:21.974125" elapsed="0.315775"/>
</kw>
<status status="PASS" start="2025-09-03T04:32:11.142443" elapsed="11.149093"/>
</test>
<test id="s1-t2" name="Add a desktop to cart" line="15">
<kw name="Open Browser" owner="SeleniumLibrary">
<msg time="2025-09-03T04:32:22.296552" level="INFO">Opening browser 'chrome' to base url 'https://demo.nopcommerce.com/'.</msg>
<arg>${URL}</arg>
<arg>${BROWSER}</arg>
<doc>Opens a new browser instance to the optional ``url``.</doc>
<status status="PASS" start="2025-09-03T04:32:22.295602" elapsed="3.417307"/>
</kw>
<kw name="Maximize Browser Window" owner="SeleniumLibrary">
<doc>Maximizes current browser window.</doc>
<status status="PASS" start="2025-09-03T04:32:25.715233" elapsed="0.792041"/>
</kw>
<kw name="LoginApp">
<kw name="Title Should Be" owner="SeleniumLibrary">
<msg time="2025-09-03T04:32:26.769390" level="INFO">Page title is 'nopCommerce demo store. Home page title'.</msg>
<arg>nopCommerce demo store. Home page title</arg>
<doc>Verifies that the current page title equals ``title``.</doc>
<status status="PASS" start="2025-09-03T04:32:26.511736" elapsed="0.257798"/>
</kw>
<kw name="Click Link" owner="SeleniumLibrary">
<msg time="2025-09-03T04:32:26.770089" level="INFO">Clicking link '//a[@class='ico-login']'.</msg>
<arg>//a[@class='ico-login']</arg>
<doc>Clicks a link identified by ``locator``.</doc>
<status status="PASS" start="2025-09-03T04:32:26.769745" elapsed="0.799751"/>
</kw>
<kw name="Input Text" owner="SeleniumLibrary">
<msg time="2025-09-03T04:32:27.570766" level="INFO">Typing text 'john.doe@nextininnovation.com' into text field '//input[@id='Email']'.</msg>
<arg>//input[@id='Email']</arg>
<arg>${USERNAME}</arg>
<doc>Types the given ``text`` into the text field identified by ``locator``.</doc>
<status status="PASS" start="2025-09-03T04:32:27.570011" elapsed="0.316324"/>
</kw>
<kw name="Input Text" owner="SeleniumLibrary">
<msg time="2025-09-03T04:32:27.887183" level="INFO">Typing text 'Winter#33' into text field '//input[@id='Password']'.</msg>
<arg>//input[@id='Password']</arg>
<arg>${PASSWORD}</arg>
<doc>Types the given ``text`` into the text field identified by ``locator``.</doc>
<status status="PASS" start="2025-09-03T04:32:27.886659" elapsed="0.142416"/>
</kw>
<kw name="Click Button" owner="SeleniumLibrary">
<msg time="2025-09-03T04:32:28.029763" level="INFO">Clicking button '//button[@class='button-1 login-button']'.</msg>
<arg>//button[@class='button-1 login-button']</arg>
<doc>Clicks the button identified by ``locator``.</doc>
<status status="PASS" start="2025-09-03T04:32:28.029411" elapsed="1.036259"/>
</kw>
<kw name="Sleep" owner="BuiltIn">
<msg time="2025-09-03T04:32:31.067606" level="INFO">Slept 2 seconds.</msg>
<arg>2s</arg>
<doc>Pauses the test executed for the given time.</doc>
<status status="PASS" start="2025-09-03T04:32:29.066070" elapsed="2.001683"/>
</kw>
<status status="PASS" start="2025-09-03T04:32:26.508030" elapsed="4.559875"/>
</kw>
<kw name="Click Link" owner="SeleniumLibrary">
<msg time="2025-09-03T04:32:31.068485" level="INFO">Clicking link 'css:a[href*='/computers']'.</msg>
<arg>css:a[href*='/computers']</arg>
<doc>Clicks a link identified by ``locator``.</doc>
<status status="PASS" start="2025-09-03T04:32:31.068205" elapsed="0.941289"/>
</kw>
<kw name="Click Link" owner="SeleniumLibrary">
<msg time="2025-09-03T04:32:32.013732" level="INFO">Clicking link '//li[@class='active last']//a[normalize-space()='Desktops']'.</msg>
<arg>//li[@class='active last']//a[normalize-space()='Desktops']</arg>
<doc>Clicks a link identified by ``locator``.</doc>
<status status="PASS" start="2025-09-03T04:32:32.013398" elapsed="0.711437"/>
</kw>
<kw name="Click Button" owner="SeleniumLibrary">
<msg time="2025-09-03T04:32:32.727529" level="INFO">Clicking button '//button[@class='button-2 product-box-add-to-cart-button']'.</msg>
<arg>//button[@class='button-2 product-box-add-to-cart-button']</arg>
<doc>Clicks the button identified by ``locator``.</doc>
<status status="PASS" start="2025-09-03T04:32:32.725803" elapsed="0.186772"/>
</kw>
<kw name="Sleep" owner="BuiltIn">
<msg time="2025-09-03T04:32:34.914174" level="INFO">Slept 2 seconds.</msg>
<arg>2s</arg>
<doc>Pauses the test executed for the given time.</doc>
<status status="PASS" start="2025-09-03T04:32:32.913335" elapsed="2.001105"/>
</kw>
<kw name="Click Link" owner="SeleniumLibrary">
<msg time="2025-09-03T04:32:34.915375" level="INFO">Clicking link '//a[@class='ico-logout']'.</msg>
<arg>//a[@class='ico-logout']</arg>
<doc>Clicks a link identified by ``locator``.</doc>
<status status="PASS" start="2025-09-03T04:32:34.914913" elapsed="1.029986"/>
</kw>
<kw name="Close Browser" owner="SeleniumLibrary">
<doc>Closes the current browser.</doc>
<status status="PASS" start="2025-09-03T04:32:35.945566" elapsed="0.439545"/>
</kw>
<status status="PASS" start="2025-09-03T04:32:22.293235" elapsed="14.092529"/>
</test>
<status status="PASS" start="2025-09-03T04:32:10.465847" elapsed="25.921238"/>
</suite>
<statistics>
<total>
<stat pass="2" fail="0" skip="0">All Tests</stat>
</total>
<tag>
</tag>
<suite>
<stat name="Keyworddemo" id="s1" pass="2" fail="0" skip="0">Keyworddemo</stat>
</suite>
</statistics>
<errors>
</errors>
</robot>
